-------------------------------------------------------------------------------
Test set: cn.mikyan.ApplicationTests
-------------------------------------------------------------------------------
Tests run: 1, Failures: 0, Errors: 1, Skipped: 0, Time elapsed: 8.622 s <<< FAILURE! - in cn.mikyan.ApplicationTests
contextLoads  Time elapsed: 0.001 s  <<< ERROR!
java.lang.IllegalStateException: Failed to load ApplicationContext
Caused by: org.springframework.beans.factory.BeanCreationException: Error creating bean with name 'sqlSessionFactory' defined in class path resource [tk/mybatis/mapper/autoconfigure/MapperAutoConfiguration.class]: Bean instantiation via factory method failed; nested exception is org.springframework.beans.BeanInstantiationException: Failed to instantiate [org.apache.ibatis.session.SqlSessionFactory]: Factory method 'sqlSessionFactory' threw exception; nested exception is org.springframework.core.NestedIOException: Failed to parse mapping resource: 'file [D:\Mycode\echat-server\target\classes\mapper\UsersMapper.xml]'; nested exception is org.apache.ibatis.builder.BuilderException: Error parsing Mapper XML. The XML location is 'file [D:\Mycode\echat-server\target\classes\mapper\UsersMapper.xml]'. Cause: java.lang.IllegalArgumentException: Result Maps collection already contains value for cn.mikyan.mapper.UsersMapper.BaseResultMap
Caused by: org.springframework.beans.BeanInstantiationException: Failed to instantiate [org.apache.ibatis.session.SqlSessionFactory]: Factory method 'sqlSessionFactory' threw exception; nested exception is org.springframework.core.NestedIOException: Failed to parse mapping resource: 'file [D:\Mycode\echat-server\target\classes\mapper\UsersMapper.xml]'; nested exception is org.apache.ibatis.builder.BuilderException: Error parsing Mapper XML. The XML location is 'file [D:\Mycode\echat-server\target\classes\mapper\UsersMapper.xml]'. Cause: java.lang.IllegalArgumentException: Result Maps collection already contains value for cn.mikyan.mapper.UsersMapper.BaseResultMap
Caused by: org.springframework.core.NestedIOException: Failed to parse mapping resource: 'file [D:\Mycode\echat-server\target\classes\mapper\UsersMapper.xml]'; nested exception is org.apache.ibatis.builder.BuilderException: Error parsing Mapper XML. The XML location is 'file [D:\Mycode\echat-server\target\classes\mapper\UsersMapper.xml]'. Cause: java.lang.IllegalArgumentException: Result Maps collection already contains value for cn.mikyan.mapper.UsersMapper.BaseResultMap
Caused by: org.apache.ibatis.builder.BuilderException: Error parsing Mapper XML. The XML location is 'file [D:\Mycode\echat-server\target\classes\mapper\UsersMapper.xml]'. Cause: java.lang.IllegalArgumentException: Result Maps collection already contains value for cn.mikyan.mapper.UsersMapper.BaseResultMap
Caused by: java.lang.IllegalArgumentException: Result Maps collection already contains value for cn.mikyan.mapper.UsersMapper.BaseResultMap

